Determining if the pthread_create exist failed with the following output:
Change Dir: /home/drue/Documents/pi/pi_toolchain/libs/wiringPi/wiringPi/CMakeFiles/CMakeTmp

Run Build Command:"/usr/bin/make" "cmTC_64c71/fast"
/usr/bin/make -f CMakeFiles/cmTC_64c71.dir/build.make CMakeFiles/cmTC_64c71.dir/build
make[1]: Entering directory '/home/drue/Documents/pi/pi_toolchain/libs/wiringPi/wiringPi/CMakeFiles/CMakeTmp'
Building C object CMakeFiles/cmTC_64c71.dir/CheckSymbolExists.c.o
/home/drue/Documents/pi/pi_toolchain/tools/arm-bcm2708/arm-rpi-4.9.3-linux-gnueabihf/bin/arm-linux-gnueabihf-gcc    -o CMakeFiles/cmTC_64c71.dir/CheckSymbolExists.c.o   -c /home/drue/Documents/pi/pi_toolchain/libs/wiringPi/wiringPi/CMakeFiles/CMakeTmp/CheckSymbolExists.c
Linking C executable cmTC_64c71
/usr/bin/cmake -E cmake_link_script CMakeFiles/cmTC_64c71.dir/link.txt --verbose=1
/home/drue/Documents/pi/pi_toolchain/tools/arm-bcm2708/arm-rpi-4.9.3-linux-gnueabihf/bin/arm-linux-gnueabihf-gcc      -rdynamic CMakeFiles/cmTC_64c71.dir/CheckSymbolExists.c.o  -o cmTC_64c71 
CMakeFiles/cmTC_64c71.dir/CheckSymbolExists.c.o: In function `main':
CheckSymbolExists.c:(.text+0x38): undefined reference to `pthread_create'
collect2: error: ld returned 1 exit status
make[1]: *** [CMakeFiles/cmTC_64c71.dir/build.make:87: cmTC_64c71] Error 1
make[1]: Leaving directory '/home/drue/Documents/pi/pi_toolchain/libs/wiringPi/wiringPi/CMakeFiles/CMakeTmp'
make: *** [Makefile:121: cmTC_64c71/fast] Error 2

File /home/drue/Documents/pi/pi_toolchain/libs/wiringPi/wiringPi/CMakeFiles/CMakeTmp/CheckSymbolExists.c:
/* */
#include <pthread.h>

int main(int argc, char** argv)
{
  (void)argv;
#ifndef pthread_create
  return ((int*)(&pthread_create))[argc];
#else
  (void)argc;
  return 0;
#endif
}

Determining if the function pthread_create exists in the pthreads failed with the following output:
Change Dir: /home/drue/Documents/pi/pi_toolchain/libs/wiringPi/wiringPi/CMakeFiles/CMakeTmp

Run Build Command:"/usr/bin/make" "cmTC_5d915/fast"
/usr/bin/make -f CMakeFiles/cmTC_5d915.dir/build.make CMakeFiles/cmTC_5d915.dir/build
make[1]: Entering directory '/home/drue/Documents/pi/pi_toolchain/libs/wiringPi/wiringPi/CMakeFiles/CMakeTmp'
Building C object CMakeFiles/cmTC_5d915.dir/CheckFunctionExists.c.o
/home/drue/Documents/pi/pi_toolchain/tools/arm-bcm2708/arm-rpi-4.9.3-linux-gnueabihf/bin/arm-linux-gnueabihf-gcc   -DCHECK_FUNCTION_EXISTS=pthread_create   -o CMakeFiles/cmTC_5d915.dir/CheckFunctionExists.c.o   -c /usr/share/cmake-3.13/Modules/CheckFunctionExists.c
Linking C executable cmTC_5d915
/usr/bin/cmake -E cmake_link_script CMakeFiles/cmTC_5d915.dir/link.txt --verbose=1
/home/drue/Documents/pi/pi_toolchain/tools/arm-bcm2708/arm-rpi-4.9.3-linux-gnueabihf/bin/arm-linux-gnueabihf-gcc  -DCHECK_FUNCTION_EXISTS=pthread_create    -rdynamic CMakeFiles/cmTC_5d915.dir/CheckFunctionExists.c.o  -o cmTC_5d915 -lpthreads 
/home/drue/Documents/pi/pi_toolchain/tools/arm-bcm2708/arm-rpi-4.9.3-linux-gnueabihf/bin/../lib/gcc/arm-linux-gnueabihf/4.9.3/../../../../arm-linux-gnueabihf/bin/ld: cannot find -lpthreads
collect2: error: ld returned 1 exit status
make[1]: *** [CMakeFiles/cmTC_5d915.dir/build.make:87: cmTC_5d915] Error 1
make[1]: Leaving directory '/home/drue/Documents/pi/pi_toolchain/libs/wiringPi/wiringPi/CMakeFiles/CMakeTmp'
make: *** [Makefile:121: cmTC_5d915/fast] Error 2


